<?xml version="1.0" encoding="UTF-8"?>
<!-- Generated by org.testng.reporters.JUnitReportReporter -->
<testsuite skipped="0" hostname="VINODSINGARAM" name="May16.Dataprovider" tests="4" failures="0" timestamp="17 May 2022 04:19:08 GMT" time="9.655" errors="0">
  <testcase name="verifylogin" time="1.483" classname="May16.Dataprovider"/>
  <testcase name="verifylogin" time="1.562" classname="May16.Dataprovider"/>
  <testcase name="verifylogin" time="1.304" classname="May16.Dataprovider"/>
  <testcase name="verifylogin" time="5.306" classname="May16.Dataprovider"/>
</testsuite> <!-- May16.Dataprovider -->
